<?xml version="1.0" encoding="UTF-8"?>
<!-- Generated by org.testng.reporters.JUnitXMLReporter -->
<testsuite ignored="0" hostname="LAPTOP-4VH20URH" failures="1" tests="6" name="Regression1" time="87.616" errors="0" timestamp="2022-10-04T08:29:33 EDT">
  <testcase classname="Com.Salesforce.test.tests.AutomationScripts" name="logoutFromSalesForce09" time="5.464"/>
  <testcase classname="Com.Salesforce.test.tests.AutomationScripts" name="loginwithvalidCredentials02" time="4.48"/>
  <testcase classname="Com.Salesforce.test.tests.AutomationScripts" name="loginErrorMessage01" time="0.591"/>
  <testcase classname="Com.Salesforce.test.tests.AutomationScripts" name="checkRememberMe03" time="35.71">
    <failure type="org.openqa.selenium.TimeoutException" message="Expected condition failed: waiting for visibility of [[FirefoxDriver: firefox on WINDOWS (748248dc-b53f-4fb7-9af3-57b8e2102690)] -&amp;gt; css selector: #idcard-identity] (tried for 30 second(s) with 500 milliseconds interval)
Build info: version: &amp;apos;4.4.0&amp;apos;, revision: &amp;apos;e5c75ed026a&amp;apos;
System info: host: &amp;apos;LAPTOP-4VH20URH&amp;apos;, ip: &amp;apos;192.168.0.245&amp;apos;, os.name: &amp;apos;Windows 10&amp;apos;, os.arch: &amp;apos;amd64&amp;apos;, os.version: &amp;apos;10.0&amp;apos;, java.version: &amp;apos;18&amp;apos;
Driver info: org.openqa.selenium.firefox.FirefoxDriver
Capabilities {acceptInsecureCerts: true, browserName: firefox, browserVersion: 105.0.1, moz:accessibilityChecks: false, moz:buildID: 20220922151854, moz:debuggerAddress: 127.0.0.1:51310, moz:geckodriverVersion: 0.31.0, moz:headless: false, moz:platformVersion: 10.0, moz:processID: 46400, moz:profile: C:\Users\Gayathri\AppData\L..., moz:shutdownTimeout: 60000, moz:useNonSpecCompliantPointerOrigin: false, moz:webdriverClick: true, moz:windowless: false, pageLoadStrategy: normal, platformName: WINDOWS, proxy: Proxy(), se:cdp: ws://127.0.0.1:51310/devtoo..., se:cdpVersion: 85.0, setWindowRect: true, strictFileInteractability: false, timeouts: {implicit: 0, pageLoad: 300000, script: 30000}, unhandledPromptBehavior: dismiss and notify}
Session ID: 748248dc-b53f-4fb7-9af3-57b8e2102690">
      <![CDATA[org.openqa.selenium.TimeoutException: Expected condition failed: waiting for visibility of [[FirefoxDriver: firefox on WINDOWS (748248dc-b53f-4fb7-9af3-57b8e2102690)] -> css selector: #idcard-identity] (tried for 30 second(s) with 500 milliseconds interval)
Build info: version: '4.4.0', revision: 'e5c75ed026a'
System info: host: 'LAPTOP-4VH20URH', ip: '192.168.0.245', os.name: 'Windows 10', os.arch: 'amd64', os.version: '10.0', java.version: '18'
Driver info: org.openqa.selenium.firefox.FirefoxDriver
Capabilities {acceptInsecureCerts: true, browserName: firefox, browserVersion: 105.0.1, moz:accessibilityChecks: false, moz:buildID: 20220922151854, moz:debuggerAddress: 127.0.0.1:51310, moz:geckodriverVersion: 0.31.0, moz:headless: false, moz:platformVersion: 10.0, moz:processID: 46400, moz:profile: C:\Users\Gayathri\AppData\L..., moz:shutdownTimeout: 60000, moz:useNonSpecCompliantPointerOrigin: false, moz:webdriverClick: true, moz:windowless: false, pageLoadStrategy: normal, platformName: WINDOWS, proxy: Proxy(), se:cdp: ws://127.0.0.1:51310/devtoo..., se:cdpVersion: 85.0, setWindowRect: true, strictFileInteractability: false, timeouts: {implicit: 0, pageLoad: 300000, script: 30000}, unhandledPromptBehavior: dismiss and notify}
Session ID: 748248dc-b53f-4fb7-9af3-57b8e2102690
at org.openqa.selenium.support.ui.WebDriverWait.timeoutException(WebDriverWait.java:87)
at org.openqa.selenium.support.ui.FluentWait.until(FluentWait.java:231)
at Com.Salesforce.test.pages.base.BasePage.waitUntilVisible(BasePage.java:107)
at Com.Salesforce.test.pages.base.BasePage.readText(BasePage.java:100)
at Com.Salesforce.test.pages.login.LoginPage.gettextFromID(LoginPage.java:80)
at Com.Salesforce.test.tests.AutomationScripts.checkRememberMe03(AutomationScripts.java:86)
at java.base/java.util.ArrayList.forEach(ArrayList.java:1511)
... Removed 25 stack frames]]>
    </failure>
  </testcase> <!-- checkRememberMe03 -->
  <testcase classname="Com.Salesforce.test.tests.AutomationScripts" name="forgotPassword4A" time="0.946"/>
  <testcase classname="Com.Salesforce.test.tests.AutomationScripts" name="wrongCredential4B" time="0.623"/>
</testsuite> <!-- Regression1 -->
