<?xml version="1.0" encoding="UTF-8"?>
<!-- Generated by org.testng.reporters.JUnitReportReporter -->
<testsuite hostname="LAPTOP-4VH20URH" failures="0" tests="12" name="Com.Salesforce.test.tests.AutomationScripts" time="138.128" errors="1" timestamp="2022-10-04T08:29:33 EDT" skipped="0">
  <testcase classname="Com.Salesforce.test.tests.AutomationScripts" name="loginwithvalidCredentials02" time="8.792"/>
  <system-out/>
  <testcase classname="Com.Salesforce.test.tests.AutomationScripts" name="forgotPassword4A" time="3.847"/>
  <system-out/>
  <testcase classname="Com.Salesforce.test.tests.AutomationScripts" name="loginwithvalidCredentials02" time="11.204"/>
  <system-out/>
  <testcase classname="Com.Salesforce.test.tests.AutomationScripts" name="logoutFromSalesForce09" time="11.107"/>
  <system-out/>
  <testcase classname="Com.Salesforce.test.tests.AutomationScripts" name="checkRememberMe03" time="41.523">
    <error message="Expected condition failed: waiting for visibility of [[FirefoxDriver: firefox on WINDOWS (748248dc-b53f-4fb7-9af3-57b8e2102690)] -&gt; css selector: #idcard-identity] (tried for 30 second(s) with 500 milliseconds interval)
Build info: version: &#039;4.4.0&#039;, revision: &#039;e5c75ed026a&#039;
System info: host: &#039;LAPTOP-4VH20URH&#039;, ip: &#039;192.168.0.245&#039;, os.name: &#039;Windows 10&#039;, os.arch: &#039;amd64&#039;, os.version: &#039;10.0&#039;, java.version: &#039;18&#039;
Driver info: org.openqa.selenium.firefox.FirefoxDriver
Capabilities {acceptInsecureCerts: true, browserName: firefox, browserVersion: 105.0.1, moz:accessibilityChecks: false, moz:buildID: 20220922151854, moz:debuggerAddress: 127.0.0.1:51310, moz:geckodriverVersion: 0.31.0, moz:headless: false, moz:platformVersion: 10.0, moz:processID: 46400, moz:profile: C:\Users\Gayathri\AppData\L..., moz:shutdownTimeout: 60000, moz:useNonSpecCompliantPointerOrigin: false, moz:webdriverClick: true, moz:windowless: false, pageLoadStrategy: normal, platformName: WINDOWS, proxy: Proxy(), se:cdp: ws://127.0.0.1:51310/devtoo..., se:cdpVersion: 85.0, setWindowRect: true, strictFileInteractability: false, timeouts: {implicit: 0, pageLoad: 300000, script: 30000}, unhandledPromptBehavior: dismiss and notify}
Session ID: 748248dc-b53f-4fb7-9af3-57b8e2102690" type="org.openqa.selenium.TimeoutException">
      <![CDATA[org.openqa.selenium.TimeoutException: Expected condition failed: waiting for visibility of [[FirefoxDriver: firefox on WINDOWS (748248dc-b53f-4fb7-9af3-57b8e2102690)] -> css selector: #idcard-identity] (tried for 30 second(s) with 500 milliseconds interval)
Build info: version: '4.4.0', revision: 'e5c75ed026a'
System info: host: 'LAPTOP-4VH20URH', ip: '192.168.0.245', os.name: 'Windows 10', os.arch: 'amd64', os.version: '10.0', java.version: '18'
Driver info: org.openqa.selenium.firefox.FirefoxDriver
Capabilities {acceptInsecureCerts: true, browserName: firefox, browserVersion: 105.0.1, moz:accessibilityChecks: false, moz:buildID: 20220922151854, moz:debuggerAddress: 127.0.0.1:51310, moz:geckodriverVersion: 0.31.0, moz:headless: false, moz:platformVersion: 10.0, moz:processID: 46400, moz:profile: C:\Users\Gayathri\AppData\L..., moz:shutdownTimeout: 60000, moz:useNonSpecCompliantPointerOrigin: false, moz:webdriverClick: true, moz:windowless: false, pageLoadStrategy: normal, platformName: WINDOWS, proxy: Proxy(), se:cdp: ws://127.0.0.1:51310/devtoo..., se:cdpVersion: 85.0, setWindowRect: true, strictFileInteractability: false, timeouts: {implicit: 0, pageLoad: 300000, script: 30000}, unhandledPromptBehavior: dismiss and notify}
Session ID: 748248dc-b53f-4fb7-9af3-57b8e2102690
at org.openqa.selenium.support.ui.WebDriverWait.timeoutException(WebDriverWait.java:87)
at org.openqa.selenium.support.ui.FluentWait.until(FluentWait.java:231)
at Com.Salesforce.test.pages.base.BasePage.waitUntilVisible(BasePage.java:107)
at Com.Salesforce.test.pages.base.BasePage.readText(BasePage.java:100)
at Com.Salesforce.test.pages.login.LoginPage.gettextFromID(LoginPage.java:80)
at Com.Salesforce.test.tests.AutomationScripts.checkRememberMe03(AutomationScripts.java:86)
at java.base/jdk.internal.reflect.DirectMethodHandleAccessor.invoke(DirectMethodHandleAccessor.java:104)
at java.base/java.lang.reflect.Method.invoke(Method.java:577)
at org.testng.internal.MethodInvocationHelper.invokeMethod(MethodInvocationHelper.java:133)
at org.testng.internal.TestInvoker.invokeMethod(TestInvoker.java:598)
at org.testng.internal.TestInvoker.invokeTestMethod(TestInvoker.java:173)
at org.testng.internal.MethodRunner.runInSequence(MethodRunner.java:46)
at org.testng.internal.TestInvoker$MethodInvocationAgent.invoke(TestInvoker.java:824)
at org.testng.internal.TestInvoker.invokeTestMethods(TestInvoker.java:146)
at org.testng.internal.TestMethodWorker.invokeTestMethods(TestMethodWorker.java:146)
at org.testng.internal.TestMethodWorker.run(TestMethodWorker.java:128)
at java.base/java.util.ArrayList.forEach(ArrayList.java:1511)
at org.testng.TestRunner.privateRun(TestRunner.java:794)
at org.testng.TestRunner.run(TestRunner.java:596)
at org.testng.SuiteRunner.runTest(SuiteRunner.java:377)
at org.testng.SuiteRunner.runSequentially(SuiteRunner.java:371)
at org.testng.SuiteRunner.privateRun(SuiteRunner.java:332)
at org.testng.SuiteRunner.run(SuiteRunner.java:276)
at org.testng.SuiteRunnerWorker.runSuite(SuiteRunnerWorker.java:53)
at org.testng.SuiteRunnerWorker.run(SuiteRunnerWorker.java:96)
at org.testng.TestNG.runSuitesSequentially(TestNG.java:1212)
at org.testng.TestNG.runSuitesLocally(TestNG.java:1134)
at org.testng.TestNG.runSuites(TestNG.java:1063)
at org.testng.TestNG.run(TestNG.java:1031)
at org.testng.remote.AbstractRemoteTestNG.run(AbstractRemoteTestNG.java:115)
at org.testng.remote.RemoteTestNG.initAndRun(RemoteTestNG.java:251)
at org.testng.remote.RemoteTestNG.main(RemoteTestNG.java:77)
]]>
    </error>
  </testcase> <!-- checkRememberMe03 -->
  <system-out/>
  <testcase classname="Com.Salesforce.test.tests.AutomationScripts" name="wrongCredential4B" time="6.906"/>
  <system-out/>
  <testcase classname="Com.Salesforce.test.tests.AutomationScripts" name="checkRememberMe03" time="10.718"/>
  <system-out/>
  <testcase classname="Com.Salesforce.test.tests.AutomationScripts" name="logoutFromSalesForce09" time="11.399"/>
  <system-out/>
  <testcase classname="Com.Salesforce.test.tests.AutomationScripts" name="loginErrorMessage01" time="6.714"/>
  <system-out/>
  <testcase classname="Com.Salesforce.test.tests.AutomationScripts" name="loginErrorMessage01" time="9.204"/>
  <system-out/>
  <testcase classname="Com.Salesforce.test.tests.AutomationScripts" name="forgotPassword4A" time="9.791"/>
  <system-out/>
  <testcase classname="Com.Salesforce.test.tests.AutomationScripts" name="wrongCredential4B" time="6.923"/>
  <system-out/>
</testsuite> <!-- Com.Salesforce.test.tests.AutomationScripts -->
